<?xml version="1.0" encoding="UTF-8"?>
<testsuite xmlns:xsi="http://www.w3.org/2001/XMLSchema-instance" xsi:noNamespaceSchemaLocation="https://maven.apache.org/surefire/maven-surefire-plugin/xsd/surefire-test-report-3.0.xsd" version="3.0" name="com.example.Notification.NotificationApplicationTests" time="19.381" tests="1" errors="0" skipped="0" failures="0">
  <properties>
[...]
</properties>
  <testcase name="contextLoads" classname="com.example.Notification.NotificationApplicationTests" time="1.801">
    <system-out><![CDATA[01:35:28.341 [main] INFO org.springframework.test.context.support.AnnotationConfigContextLoaderUtils -- Could not detect default configuration classes for test class [com.example.Notification.NotificationApplicationTests]: NotificationApplicationTests does not declare any static, non-private, non-final, nested classes annotated with @Configuration.
01:35:28.647 [main] INFO org.springframework.boot.test.context.SpringBootTestContextBootstrapper -- Found @SpringBootConfiguration com.example.Notification.NotificationApplication for test class com.example.Notification.NotificationApplicationTests

  .   ____          _            __ _ _
 /\\ / ___'_ __ _ _(_)_ __  __ _ \ \ \ \
( ( )\___ | '_ | '_| | '_ \/ _` | \ \ \ \
 \\/  ___)| |_)| | | | | || (_| |  ) ) ) )
  '  |____| .__|_| |_|_| |_\__, | / / / /
 =========|_|==============|___/=/_/_/_/
 :: Spring Boot ::                (v3.1.9)

2024-09-30T01:35:31.236-03:00  INFO 12308 --- [           main] c.e.N.NotificationApplicationTests       : Starting NotificationApplicationTests using Java 23 with PID 12308 (started by dougl in C:\Users\dougl\OneDrive\Área de Trabalho\Curso MIT em Engenharia de Software com Java\Trabalho da Matéria de Arquiteturas Avançadas de Software com Microsserviços e Spring Framework\Notification)
2024-09-30T01:35:31.237-03:00  INFO 12308 --- [           main] c.e.N.NotificationApplicationTests       : No active profile set, falling back to 1 default profile: "default"
2024-09-30T01:35:33.921-03:00  INFO 12308 --- [           main] .s.d.r.c.RepositoryConfigurationDelegate : Bootstrapping Spring Data JPA repositories in DEFAULT mode.
2024-09-30T01:35:33.970-03:00  INFO 12308 --- [           main] .s.d.r.c.RepositoryConfigurationDelegate : Finished Spring Data repository scanning in 25 ms. Found 0 JPA repository interfaces.
2024-09-30T01:35:34.614-03:00  INFO 12308 --- [           main] o.s.cloud.context.scope.GenericScope     : BeanFactory id=e1958505-5aee-3ee9-b79e-ca68cf4e6371
2024-09-30T01:35:35.949-03:00  INFO 12308 --- [           main] o.hibernate.jpa.internal.util.LogHelper  : HHH000204: Processing PersistenceUnitInfo [name: default]
2024-09-30T01:35:36.336-03:00  INFO 12308 --- [           main] org.hibernate.Version                    : HHH000412: Hibernate ORM core version 6.2.22.Final
2024-09-30T01:35:36.351-03:00  INFO 12308 --- [           main] org.hibernate.cfg.Environment            : HHH000406: Using bytecode reflection optimizer
2024-09-30T01:35:37.370-03:00  INFO 12308 --- [           main] o.s.o.j.p.SpringPersistenceUnitInfo      : No LoadTimeWeaver setup: ignoring JPA class transformer
2024-09-30T01:35:37.445-03:00  INFO 12308 --- [           main] com.zaxxer.hikari.HikariDataSource       : HikariPool-1 - Starting...
2024-09-30T01:35:37.730-03:00  INFO 12308 --- [           main] com.zaxxer.hikari.pool.HikariPool        : HikariPool-1 - Added connection com.mysql.cj.jdbc.ConnectionImpl@3bab95ca
2024-09-30T01:35:37.733-03:00  INFO 12308 --- [           main] com.zaxxer.hikari.HikariDataSource       : HikariPool-1 - Start completed.
2024-09-30T01:35:37.853-03:00  WARN 12308 --- [           main] org.hibernate.dialect.Dialect            : HHH000511: The 5.5.0 version for [org.hibernate.dialect.MySQLDialect] is no longer supported, hence certain features may not work properly. The minimum supported version is 5.7.0. Check the community dialects project for available legacy versions.
2024-09-30T01:35:39.179-03:00  INFO 12308 --- [           main] o.h.e.t.j.p.i.JtaPlatformInitiator       : HHH000489: No JTA platform available (set 'hibernate.transaction.jta.platform' to enable JTA platform integration)
2024-09-30T01:35:39.185-03:00  INFO 12308 --- [           main] j.LocalContainerEntityManagerFactoryBean : Initialized JPA EntityManagerFactory for persistence unit 'default'
2024-09-30T01:35:39.858-03:00  WARN 12308 --- [           main] JpaBaseConfiguration$JpaWebConfiguration : spring.jpa.open-in-view is enabled by default. Therefore, database queries may be performed during view rendering. Explicitly configure spring.jpa.open-in-view to disable this warning
2024-09-30T01:35:42.734-03:00  INFO 12308 --- [           main] o.s.cloud.commons.util.InetUtils         : Cannot determine local hostname
2024-09-30T01:35:42.818-03:00  INFO 12308 --- [           main] DiscoveryClientOptionalArgsConfiguration : Eureka HTTP Client uses RestTemplate.
2024-09-30T01:35:43.839-03:00  INFO 12308 --- [           main] o.s.cloud.commons.util.InetUtils         : Cannot determine local hostname
2024-09-30T01:35:43.925-03:00  WARN 12308 --- [           main] iguration$LoadBalancerCaffeineWarnLogger : Spring Cloud LoadBalancer is currently working with the default cache. While this cache implementation is useful for development and tests, it's recommended to use Caffeine cache in production.You can switch to using Caffeine cache, by adding it and org.springframework.cache.caffeine.CaffeineCacheManager to the classpath.
2024-09-30T01:35:44.068-03:00  INFO 12308 --- [           main] o.s.a.r.c.CachingConnectionFactory       : Attempting to connect to: [localhost:5672]
2024-09-30T01:35:44.218-03:00  INFO 12308 --- [           main] o.s.a.r.c.CachingConnectionFactory       : Created new connection: rabbitConnectionFactory#126d0868:0/SimpleConnection@5ec3689b [delegate=amqp://guest@127.0.0.1:5672/, localPort=60087]
2024-09-30T01:35:44.503-03:00  INFO 12308 --- [           main] o.s.amqp.rabbit.core.RabbitAdmin         : Auto-declaring a non-durable, auto-delete, or exclusive Queue (task-updates) durable:false, auto-delete:false, exclusive:false. It will be redeclared if the broker stops and is restarted while the connection factory is alive, but all messages will be lost.
2024-09-30T01:35:44.841-03:00  INFO 12308 --- [           main] c.e.N.NotificationApplicationTests       : Started NotificationApplicationTests in 15.518 seconds (process running for 18.463)
]]></system-out>
    <system-err><![CDATA[WARNING: A Java agent has been loaded dynamically (C:\Users\dougl\.m2\repository\net\bytebuddy\byte-buddy-agent\1.14.12\byte-buddy-agent-1.14.12.jar)
WARNING: If a serviceability tool is in use, please run with -XX:+EnableDynamicAgentLoading to hide this warning
WARNING: If a serviceability tool is not in use, please run with -Djdk.instrument.traceUsage for more information
WARNING: Dynamic loading of agents will be disallowed by default in a future release
]]></system-err>
  </testcase>
</testsuite>