<?xml version="1.0" encoding="UTF-8"?>
<testsuite xmlns:xsi="http://www.w3.org/2001/XMLSchema-instance" xsi:noNamespaceSchemaLocation="https://maven.apache.org/surefire/maven-surefire-plugin/xsd/surefire-test-report-3.0.xsd" version="3.0" name="com.example.UserService.UserServiceApplicationTests" time="18.973" tests="1" errors="0" skipped="0" failures="0">
  <properties>
[...]
</properties>
  <testcase name="contextLoads" classname="com.example.UserService.UserServiceApplicationTests" time="3.335">
    <system-out><![CDATA[01:14:49,912 |-INFO in ch.qos.logback.classic.LoggerContext[default] - This is logback-classic version 1.5.8
01:14:49,915 |-INFO in ch.qos.logback.classic.util.ContextInitializer@6f1c29b7 - Here is a list of configurators discovered as a service, by rank: 
01:14:49,915 |-INFO in ch.qos.logback.classic.util.ContextInitializer@6f1c29b7 -   org.springframework.boot.logging.logback.RootLogLevelConfigurator
01:14:49,915 |-INFO in ch.qos.logback.classic.util.ContextInitializer@6f1c29b7 - They will be invoked in order until ExecutionStatus.DO_NOT_INVOKE_NEXT_IF_ANY is returned.
01:14:49,916 |-INFO in ch.qos.logback.classic.util.ContextInitializer@6f1c29b7 - Constructed configurator of type class org.springframework.boot.logging.logback.RootLogLevelConfigurator
01:14:49,925 |-INFO in ch.qos.logback.classic.util.ContextInitializer@6f1c29b7 - org.springframework.boot.logging.logback.RootLogLevelConfigurator.configure() call lasted 1 milliseconds. ExecutionStatus=INVOKE_NEXT_IF_ANY
01:14:49,925 |-INFO in ch.qos.logback.classic.util.ContextInitializer@6f1c29b7 - Trying to configure with ch.qos.logback.classic.joran.SerializedModelConfigurator
01:14:49,926 |-INFO in ch.qos.logback.classic.util.ContextInitializer@6f1c29b7 - Constructed configurator of type class ch.qos.logback.classic.joran.SerializedModelConfigurator
01:14:49,927 |-INFO in ch.qos.logback.classic.LoggerContext[default] - Could NOT find resource [logback-test.scmo]
01:14:49,928 |-INFO in ch.qos.logback.classic.LoggerContext[default] - Could NOT find resource [logback.scmo]
01:14:49,928 |-INFO in ch.qos.logback.classic.util.ContextInitializer@6f1c29b7 - ch.qos.logback.classic.joran.SerializedModelConfigurator.configure() call lasted 2 milliseconds. ExecutionStatus=INVOKE_NEXT_IF_ANY
01:14:49,928 |-INFO in ch.qos.logback.classic.util.ContextInitializer@6f1c29b7 - Trying to configure with ch.qos.logback.classic.util.DefaultJoranConfigurator
01:14:49,928 |-INFO in ch.qos.logback.classic.util.ContextInitializer@6f1c29b7 - Constructed configurator of type class ch.qos.logback.classic.util.DefaultJoranConfigurator
01:14:49,929 |-INFO in ch.qos.logback.classic.LoggerContext[default] - Could NOT find resource [logback-test.xml]
01:14:49,931 |-INFO in ch.qos.logback.classic.LoggerContext[default] - Found resource [logback.xml] at [file:/C:/Users/dougl/OneDrive/%C3%81rea%20de%20Trabalho/Curso%20MIT%20em%20Engenharia%20de%20Software%20com%20Java/Trabalho%20da%20Mat%C3%A9ria%20de%20Arquiteturas%20Avan%C3%A7adas%20de%20Software%20com%20Microsservi%C3%A7os%20e%20Spring%20Framework/UserService/target/classes/logback.xml]
01:14:50,054 |-INFO in ch.qos.logback.core.joran.util.ConfigurationWatchListUtil@4d6025c5 - Adding [jar:file:/C:/Users/dougl/.m2/repository/org/springframework/boot/spring-boot/3.3.4/spring-boot-3.3.4.jar!/org/springframework/boot/logging/logback/defaults.xml] to configuration watch list.
01:14:50,054 |-INFO in ch.qos.logback.core.joran.spi.ConfigurationWatchList@7f284218 - URL [jar:file:/C:/Users/dougl/.m2/repository/org/springframework/boot/spring-boot/3.3.4/spring-boot-3.3.4.jar!/org/springframework/boot/logging/logback/defaults.xml] is not of type file
01:14:50,058 |-INFO in ch.qos.logback.core.model.processor.ConversionRuleModelHandler - registering conversion word applicationName with class [org.springframework.boot.logging.logback.ApplicationNameConverter]
01:14:50,058 |-INFO in ch.qos.logback.core.model.processor.ConversionRuleModelHandler - registering conversion word clr with class [org.springframework.boot.logging.logback.ColorConverter]
01:14:50,058 |-INFO in ch.qos.logback.core.model.processor.ConversionRuleModelHandler - registering conversion word correlationId with class [org.springframework.boot.logging.logback.CorrelationIdConverter]
01:14:50,058 |-INFO in ch.qos.logback.core.model.processor.ConversionRuleModelHandler - registering conversion word wex with class [org.springframework.boot.logging.logback.WhitespaceThrowableProxyConverter]
01:14:50,058 |-INFO in ch.qos.logback.core.model.processor.ConversionRuleModelHandler - registering conversion word wEx with class [org.springframework.boot.logging.logback.ExtendedWhitespaceThrowableProxyConverter]
01:14:50,064 |-INFO in ch.qos.logback.core.model.processor.ModelInterpretationContext@407a7f2a - value "%clr(%d{yyyy-MM-dd'T'HH:mm:ss.SSSXXX}){faint} %clr(%5p) %clr( ){magenta} %clr(---){faint} %clr(%applicationName[%15.15t]){faint} %clr(){faint}%clr(%-40.40logger{39}){cyan} %clr(:){faint} %m%n%wEx" substituted for "${CONSOLE_LOG_PATTERN:-%clr(%d{${LOG_DATEFORMAT_PATTERN:-yyyy-MM-dd'T'HH:mm:ss.SSSXXX}}){faint} %clr(${LOG_LEVEL_PATTERN:-%5p}) %clr(${PID:- }){magenta} %clr(---){faint} %clr(%applicationName[%15.15t]){faint} %clr(${LOG_CORRELATION_PATTERN:-}){faint}%clr(%-40.40logger{39}){cyan} %clr(:){faint} %m%n${LOG_EXCEPTION_CONVERSION_WORD:-%wEx}}"
01:14:50,064 |-INFO in ch.qos.logback.core.model.processor.ModelInterpretationContext@407a7f2a - value "Cp1252" substituted for "${CONSOLE_LOG_CHARSET:-${file.encoding:-UTF-8}}"
01:14:50,064 |-INFO in ch.qos.logback.core.model.processor.ModelInterpretationContext@407a7f2a - value "TRACE" substituted for "${CONSOLE_LOG_THRESHOLD:-TRACE}"
01:14:50,064 |-INFO in ch.qos.logback.core.model.processor.ModelInterpretationContext@407a7f2a - value "%d{yyyy-MM-dd'T'HH:mm:ss.SSSXXX} %5p   --- %applicationName[%t] %-40.40logger{39} : %m%n%wEx" substituted for "${FILE_LOG_PATTERN:-%d{${LOG_DATEFORMAT_PATTERN:-yyyy-MM-dd'T'HH:mm:ss.SSSXXX}} ${LOG_LEVEL_PATTERN:-%5p} ${PID:- } --- %applicationName[%t] ${LOG_CORRELATION_PATTERN:-}%-40.40logger{39} : %m%n${LOG_EXCEPTION_CONVERSION_WORD:-%wEx}}"
01:14:50,064 |-INFO in ch.qos.logback.core.model.processor.ModelInterpretationContext@407a7f2a - value "Cp1252" substituted for "${FILE_LOG_CHARSET:-${file.encoding:-UTF-8}}"
01:14:50,064 |-INFO in ch.qos.logback.core.model.processor.ModelInterpretationContext@407a7f2a - value "TRACE" substituted for "${FILE_LOG_THRESHOLD:-TRACE}"
01:14:50,073 |-WARN in ch.qos.logback.core.model.processor.ImplicitModelHandler - Ignoring unknown property [springProfile] in [ch.qos.logback.classic.LoggerContext]
01:14:50,074 |-WARN in ch.qos.logback.core.model.processor.ImplicitModelHandler - Ignoring unknown property [springProfile] in [ch.qos.logback.classic.LoggerContext]
01:14:50,075 |-INFO in ch.qos.logback.classic.model.processor.LoggerModelHandler - Setting level of logger [org.apache.catalina.startup.DigesterFactory] to ERROR
01:14:50,075 |-INFO in ch.qos.logback.classic.model.processor.LoggerModelHandler - Setting level of logger [org.apache.catalina.util.LifecycleBase] to ERROR
01:14:50,075 |-INFO in ch.qos.logback.classic.model.processor.LoggerModelHandler - Setting level of logger [org.apache.coyote.http11.Http11NioProtocol] to WARN
01:14:50,075 |-INFO in ch.qos.logback.classic.model.processor.LoggerModelHandler - Setting level of logger [org.apache.sshd.common.util.SecurityUtils] to WARN
01:14:50,075 |-INFO in ch.qos.logback.classic.model.processor.LoggerModelHandler - Setting level of logger [org.apache.tomcat.util.net.NioSelectorPool] to WARN
01:14:50,075 |-INFO in ch.qos.logback.classic.model.processor.LoggerModelHandler - Setting level of logger [org.eclipse.jetty.util.component.AbstractLifeCycle] to ERROR
01:14:50,076 |-INFO in ch.qos.logback.classic.model.processor.LoggerModelHandler - Setting level of logger [org.hibernate.validator.internal.util.Version] to WARN
01:14:50,076 |-INFO in ch.qos.logback.classic.model.processor.LoggerModelHandler - Setting level of logger [org.springframework.boot.actuate.endpoint.jmx] to WARN
01:14:50,076 |-WARN in ch.qos.logback.core.model.processor.AppenderModelHandler - Appender named [PAPERTRAIL] not referenced. Skipping further processing.
01:14:50,076 |-WARN in ch.qos.logback.core.model.processor.AppenderModelHandler - Appender named [STDOUT] not referenced. Skipping further processing.
01:14:50,076 |-INFO in ch.qos.logback.classic.model.processor.LoggerModelHandler - Setting level of logger [com.zaxxer.hikari.pool.PoolBase] to OFF
01:14:50,076 |-WARN in ch.qos.logback.core.model.processor.AppenderModelHandler - Appender named [STDOUT] not referenced. Skipping further processing.
01:14:50,076 |-INFO in ch.qos.logback.core.model.processor.DefaultProcessor@4ea5b703 - End of configuration.
01:14:50,077 |-INFO in ch.qos.logback.classic.joran.JoranConfigurator@2a7ed1f - Registering current configuration as safe fallback point
01:14:50,077 |-INFO in ch.qos.logback.classic.util.ContextInitializer@6f1c29b7 - ch.qos.logback.classic.util.DefaultJoranConfigurator.configure() call lasted 149 milliseconds. ExecutionStatus=DO_NOT_INVOKE_NEXT_IF_ANY

01:14:53,387 |-INFO in ch.qos.logback.core.joran.util.ConfigurationWatchListUtil@4d6025c5 - Adding [jar:file:/C:/Users/dougl/.m2/repository/org/springframework/boot/spring-boot/3.3.4/spring-boot-3.3.4.jar!/org/springframework/boot/logging/logback/defaults.xml] to configuration watch list.
01:14:53,388 |-INFO in ch.qos.logback.core.joran.spi.ConfigurationWatchList@a2ddf26 - URL [jar:file:/C:/Users/dougl/.m2/repository/org/springframework/boot/spring-boot/3.3.4/spring-boot-3.3.4.jar!/org/springframework/boot/logging/logback/defaults.xml] is not of type file
01:14:53,390 |-INFO in ch.qos.logback.core.model.processor.ConversionRuleModelHandler - registering conversion word applicationName with class [org.springframework.boot.logging.logback.ApplicationNameConverter]
01:14:53,390 |-INFO in ch.qos.logback.core.model.processor.ConversionRuleModelHandler - registering conversion word clr with class [org.springframework.boot.logging.logback.ColorConverter]
01:14:53,390 |-INFO in ch.qos.logback.core.model.processor.ConversionRuleModelHandler - registering conversion word correlationId with class [org.springframework.boot.logging.logback.CorrelationIdConverter]
01:14:53,390 |-INFO in ch.qos.logback.core.model.processor.ConversionRuleModelHandler - registering conversion word wex with class [org.springframework.boot.logging.logback.WhitespaceThrowableProxyConverter]
01:14:53,390 |-INFO in ch.qos.logback.core.model.processor.ConversionRuleModelHandler - registering conversion word wEx with class [org.springframework.boot.logging.logback.ExtendedWhitespaceThrowableProxyConverter]
01:14:53,390 |-INFO in ch.qos.logback.core.model.processor.ModelInterpretationContext@65d57e4e - value "%clr(%d{yyyy-MM-dd'T'HH:mm:ss.SSSXXX}){faint} %clr(%5p) %clr(11956){magenta} %clr(---){faint} %clr(%applicationName[%15.15t]){faint} %clr(){faint}%clr(%-40.40logger{39}){cyan} %clr(:){faint} %m%n%wEx" substituted for "${CONSOLE_LOG_PATTERN:-%clr(%d{${LOG_DATEFORMAT_PATTERN:-yyyy-MM-dd'T'HH:mm:ss.SSSXXX}}){faint} %clr(${LOG_LEVEL_PATTERN:-%5p}) %clr(${PID:- }){magenta} %clr(---){faint} %clr(%applicationName[%15.15t]){faint} %clr(${LOG_CORRELATION_PATTERN:-}){faint}%clr(%-40.40logger{39}){cyan} %clr(:){faint} %m%n${LOG_EXCEPTION_CONVERSION_WORD:-%wEx}}"
01:14:53,391 |-INFO in ch.qos.logback.core.model.processor.ModelInterpretationContext@65d57e4e - value "windows-1252" substituted for "${CONSOLE_LOG_CHARSET:-${file.encoding:-UTF-8}}"
01:14:53,391 |-INFO in ch.qos.logback.core.model.processor.ModelInterpretationContext@65d57e4e - value "TRACE" substituted for "${CONSOLE_LOG_THRESHOLD:-TRACE}"
01:14:53,391 |-INFO in ch.qos.logback.core.model.processor.ModelInterpretationContext@65d57e4e - value "%d{yyyy-MM-dd'T'HH:mm:ss.SSSXXX} %5p 11956 --- %applicationName[%t] %-40.40logger{39} : %m%n%wEx" substituted for "${FILE_LOG_PATTERN:-%d{${LOG_DATEFORMAT_PATTERN:-yyyy-MM-dd'T'HH:mm:ss.SSSXXX}} ${LOG_LEVEL_PATTERN:-%5p} ${PID:- } --- %applicationName[%t] ${LOG_CORRELATION_PATTERN:-}%-40.40logger{39} : %m%n${LOG_EXCEPTION_CONVERSION_WORD:-%wEx}}"
01:14:53,391 |-INFO in ch.qos.logback.core.model.processor.ModelInterpretationContext@65d57e4e - value "windows-1252" substituted for "${FILE_LOG_CHARSET:-${file.encoding:-UTF-8}}"
01:14:53,391 |-INFO in ch.qos.logback.core.model.processor.ModelInterpretationContext@65d57e4e - value "TRACE" substituted for "${FILE_LOG_THRESHOLD:-TRACE}"
01:14:53,396 |-INFO in ch.qos.logback.classic.model.processor.LoggerModelHandler - Setting level of logger [org.apache.catalina.startup.DigesterFactory] to ERROR
01:14:53,397 |-INFO in ch.qos.logback.classic.jul.LevelChangePropagator@6daf7d37 - Propagating ERROR level on Logger[org.apache.catalina.startup.DigesterFactory] onto the JUL framework
01:14:53,398 |-INFO in ch.qos.logback.classic.model.processor.LoggerModelHandler - Setting level of logger [org.apache.catalina.util.LifecycleBase] to ERROR
01:14:53,398 |-INFO in ch.qos.logback.classic.jul.LevelChangePropagator@6daf7d37 - Propagating ERROR level on Logger[org.apache.catalina.util.LifecycleBase] onto the JUL framework
01:14:53,398 |-INFO in ch.qos.logback.classic.model.processor.LoggerModelHandler - Setting level of logger [org.apache.coyote.http11.Http11NioProtocol] to WARN
01:14:53,398 |-INFO in ch.qos.logback.classic.jul.LevelChangePropagator@6daf7d37 - Propagating WARN level on Logger[org.apache.coyote.http11.Http11NioProtocol] onto the JUL framework
01:14:53,398 |-INFO in ch.qos.logback.classic.model.processor.LoggerModelHandler - Setting level of logger [org.apache.sshd.common.util.SecurityUtils] to WARN
01:14:53,398 |-INFO in ch.qos.logback.classic.jul.LevelChangePropagator@6daf7d37 - Propagating WARN level on Logger[org.apache.sshd.common.util.SecurityUtils] onto the JUL framework
01:14:53,398 |-INFO in ch.qos.logback.classic.model.processor.LoggerModelHandler - Setting level of logger [org.apache.tomcat.util.net.NioSelectorPool] to WARN
01:14:53,398 |-INFO in ch.qos.logback.classic.jul.LevelChangePropagator@6daf7d37 - Propagating WARN level on Logger[org.apache.tomcat.util.net.NioSelectorPool] onto the JUL framework
01:14:53,398 |-INFO in ch.qos.logback.classic.model.processor.LoggerModelHandler - Setting level of logger [org.eclipse.jetty.util.component.AbstractLifeCycle] to ERROR
01:14:53,398 |-INFO in ch.qos.logback.classic.jul.LevelChangePropagator@6daf7d37 - Propagating ERROR level on Logger[org.eclipse.jetty.util.component.AbstractLifeCycle] onto the JUL framework
01:14:53,398 |-INFO in ch.qos.logback.classic.model.processor.LoggerModelHandler - Setting level of logger [org.hibernate.validator.internal.util.Version] to WARN
01:14:53,398 |-INFO in ch.qos.logback.classic.jul.LevelChangePropagator@6daf7d37 - Propagating WARN level on Logger[org.hibernate.validator.internal.util.Version] onto the JUL framework
01:14:53,398 |-INFO in ch.qos.logback.classic.model.processor.LoggerModelHandler - Setting level of logger [org.springframework.boot.actuate.endpoint.jmx] to WARN
01:14:53,398 |-INFO in ch.qos.logback.classic.jul.LevelChangePropagator@6daf7d37 - Propagating WARN level on Logger[org.springframework.boot.actuate.endpoint.jmx] onto the JUL framework
01:14:53,398 |-INFO in ch.qos.logback.core.model.processor.AppenderModelHandler - Processing appender named [PAPERTRAIL]
01:14:53,399 |-INFO in ch.qos.logback.core.model.processor.AppenderModelHandler - About to instantiate appender of type [ch.qos.logback.classic.net.SyslogAppender]
01:14:53,429 |-INFO in ch.qos.logback.core.model.processor.ModelInterpretationContext@65d57e4e - value "%clr(%d{yyyy-MM-dd HH:mm:ss.SSS}){faint} %clr([%X{traceId:-},%X{spanId:-}]]) %clr(%5p) %clr(11956){magenta}
            %clr(---){faint} %clr([%15.15t]){faint} %clr(%-40.40logger{39}){cyan} %clr(:){faint}
            %m%n%wEx" substituted for "%clr(%d{yyyy-MM-dd HH:mm:ss.SSS}){faint} %clr([%X{traceId:-},%X{spanId:-}]]) %clr(${LOG_LEVEL_PATTERN:-%5p}) %clr(${PID:- }){magenta}
            %clr(---){faint} %clr([%15.15t]){faint} %clr(%-40.40logger{39}){cyan} %clr(:){faint}
            %m%n${LOG_EXCEPTION_CONVERSION_WORD:-%wEx}"
01:14:53,592 |-INFO in ch.qos.logback.classic.net.SyslogAppender[PAPERTRAIL] - Defaulting maxMessageSize to [65000]
01:14:53,612 |-INFO in ch.qos.logback.core.model.processor.AppenderModelHandler - Processing appender named [STDOUT]
01:14:53,612 |-INFO in ch.qos.logback.core.model.processor.AppenderModelHandler - About to instantiate appender of type [ch.qos.logback.core.ConsoleAppender]
01:14:53,616 |-INFO in ch.qos.logback.core.model.processor.ModelInterpretationContext@65d57e4e - value "%clr(%d{yyyy-MM-dd'T'HH:mm:ss.SSSXXX}){faint} %clr(%5p) %clr(11956){magenta} %clr(---){faint} %clr(%applicationName[%15.15t]){faint} %clr(){faint}%clr(%-40.40logger{39}){cyan} %clr(:){faint} %m%n%wEx" substituted for "%clr(%d{${LOG_DATEFORMAT_PATTERN:-yyyy-MM-dd'T'HH:mm:ss.SSSXXX}}){faint} %clr(${LOG_LEVEL_PATTERN:-%5p}) %clr(${PID:- }){magenta} %clr(---){faint} %clr(%applicationName[%15.15t]){faint} %clr(${LOG_CORRELATION_PATTERN:-}){faint}%clr(%-40.40logger{39}){cyan} %clr(:){faint} %m%n${LOG_EXCEPTION_CONVERSION_WORD:-%wEx}}"
01:14:53,620 |-WARN in ch.qos.logback.core.ConsoleAppender[STDOUT] - This appender no longer admits a layout as a sub-component, set an encoder instead.
01:14:53,620 |-WARN in ch.qos.logback.core.ConsoleAppender[STDOUT] - To ensure compatibility, wrapping your layout in LayoutWrappingEncoder.
01:14:53,620 |-WARN in ch.qos.logback.core.ConsoleAppender[STDOUT] - See also http://logback.qos.ch/codes.html#layoutInsteadOfEncoder for details
01:14:53,620 |-INFO in ch.qos.logback.classic.model.processor.LoggerModelHandler - Setting level of logger [com.zaxxer.hikari.pool.PoolBase] to OFF
01:14:53,620 |-INFO in ch.qos.logback.classic.jul.LevelChangePropagator@6daf7d37 - Propagating OFF level on Logger[com.zaxxer.hikari.pool.PoolBase] onto the JUL framework
01:14:53,620 |-INFO in ch.qos.logback.core.model.processor.AppenderModelHandler - Processing appender named [STDOUT]
01:14:53,620 |-INFO in ch.qos.logback.core.model.processor.AppenderModelHandler - About to instantiate appender of type [ch.qos.logback.core.ConsoleAppender]
01:14:53,620 |-INFO in ch.qos.logback.core.model.processor.ImplicitModelHandler - Assuming default type [ch.qos.logback.classic.encoder.PatternLayoutEncoder] for [encoder] property
01:14:53,621 |-INFO in ch.qos.logback.core.model.processor.ModelInterpretationContext@65d57e4e - value "%clr(%d{yyyy-MM-dd'T'HH:mm:ss.SSSXXX}){faint} %clr(%5p) %clr(11956){magenta} %clr(---){faint} %clr(%applicationName[%15.15t]){faint} %clr(){faint}%clr(%-40.40logger{39}){cyan} %clr(:){faint} %m%n%wEx" substituted for "%clr(%d{${LOG_DATEFORMAT_PATTERN:-yyyy-MM-dd'T'HH:mm:ss.SSSXXX}}){faint} %clr(${LOG_LEVEL_PATTERN:-%5p}) %clr(${PID:- }){magenta} %clr(---){faint} %clr(%applicationName[%15.15t]){faint} %clr(${LOG_CORRELATION_PATTERN:-}){faint}%clr(%-40.40logger{39}){cyan} %clr(:){faint} %m%n${LOG_EXCEPTION_CONVERSION_WORD:-%wEx}}"
01:14:53,621 |-INFO in ch.qos.logback.classic.model.processor.RootLoggerModelHandler - Setting level of ROOT logger to INFO
01:14:53,622 |-INFO in ch.qos.logback.classic.jul.LevelChangePropagator@6daf7d37 - Propagating INFO level on Logger[ROOT] onto the JUL framework
01:14:53,622 |-INFO in ch.qos.logback.core.model.processor.AppenderRefModelHandler - Attaching appender named [STDOUT] to Logger[ROOT]
01:14:53,622 |-INFO in ch.qos.logback.core.model.processor.AppenderRefModelHandler - Attaching appender named [PAPERTRAIL] to Logger[ROOT]
01:14:53,622 |-INFO in ch.qos.logback.core.model.processor.DefaultProcessor@23a5818e - End of configuration.
01:14:53,622 |-INFO in org.springframework.boot.logging.logback.SpringBootJoranConfigurator@4715ae33 - Registering current configuration as safe fallback point


  .   ____          _            __ _ _
 /\\ / ___'_ __ _ _(_)_ __  __ _ \ \ \ \
( ( )\___ | '_ | '_| | '_ \/ _` | \ \ \ \
 \\/  ___)| |_)| | | | | || (_| |  ) ) ) )
  '  |____| .__|_| |_|_| |_\__, | / / / /
 =========|_|==============|___/=/_/_/_/

 :: Spring Boot ::                (v3.3.4)

2024-09-30T01:14:53.788-03:00  INFO 11956 --- [UserService] [           main] c.e.U.UserServiceApplicationTests        : Starting UserServiceApplicationTests using Java 17.0.12 with PID 11956 (started by dougl in C:\Users\dougl\OneDrive\Área de Trabalho\Curso MIT em Engenharia de Software com Java\Trabalho da Matéria de Arquiteturas Avançadas de Software com Microsserviços e Spring Framework\UserService)
2024-09-30T01:14:53.796-03:00  INFO 11956 --- [UserService] [           main] c.e.U.UserServiceApplicationTests        : No active profile set, falling back to 1 default profile: "default"
2024-09-30T01:14:53.896-03:00  INFO 11956 --- [UserService] [           main] o.s.c.c.c.ConfigServerConfigDataLoader   : Fetching config from server at : http://localhost:9999/config-server
2024-09-30T01:14:53.897-03:00  INFO 11956 --- [UserService] [           main] o.s.c.c.c.ConfigServerConfigDataLoader   : Located environment: name=UserService, profiles=[default], label=null, version=4e2cad03708fde8a1a9338ffe71b67ad36e3bf22, state=null
2024-09-30T01:14:56.716-03:00  INFO 11956 --- [UserService] [           main] .s.d.r.c.RepositoryConfigurationDelegate : Bootstrapping Spring Data JPA repositories in DEFAULT mode.
2024-09-30T01:14:56.970-03:00  INFO 11956 --- [UserService] [           main] .s.d.r.c.RepositoryConfigurationDelegate : Finished Spring Data repository scanning in 218 ms. Found 1 JPA repository interface.
2024-09-30T01:14:57.422-03:00  INFO 11956 --- [UserService] [           main] o.s.cloud.context.scope.GenericScope     : BeanFactory id=8795f5ab-9f12-3507-b18d-0096fefafc3a
2024-09-30T01:14:58.206-03:00  WARN 11956 --- [UserService] [           main] trationDelegate$BeanPostProcessorChecker : Bean 'org.springframework.cloud.client.loadbalancer.LoadBalancerAutoConfiguration$DeferringLoadBalancerInterceptorConfig' of type [org.springframework.cloud.client.loadbalancer.LoadBalancerAutoConfiguration$DeferringLoadBalancerInterceptorConfig] is not eligible for getting processed by all BeanPostProcessors (for example: not eligible for auto-proxying). The currently created BeanPostProcessor [lbRestClientPostProcessor] is declared through a non-static factory method on that class; consider declaring it as static instead.
2024-09-30T01:14:58.211-03:00  WARN 11956 --- [UserService] [           main] trationDelegate$BeanPostProcessorChecker : Bean 'deferringLoadBalancerInterceptor' of type [org.springframework.cloud.client.loadbalancer.DeferringLoadBalancerInterceptor] is not eligible for getting processed by all BeanPostProcessors (for example: not eligible for auto-proxying). Is this bean getting eagerly injected into a currently created BeanPostProcessor [lbRestClientPostProcessor]? Check the corresponding BeanPostProcessor declaration and its dependencies.
2024-09-30T01:14:58.561-03:00  INFO 11956 --- [UserService] [           main] o.hibernate.jpa.internal.util.LogHelper  : HHH000204: Processing PersistenceUnitInfo [name: default]
2024-09-30T01:14:58.813-03:00  INFO 11956 --- [UserService] [           main] org.hibernate.Version                    : HHH000412: Hibernate ORM core version 6.5.3.Final
2024-09-30T01:14:58.899-03:00  INFO 11956 --- [UserService] [           main] o.h.c.internal.RegionFactoryInitiator    : HHH000026: Second-level cache disabled
2024-09-30T01:14:59.479-03:00  INFO 11956 --- [UserService] [           main] o.s.o.j.p.SpringPersistenceUnitInfo      : No LoadTimeWeaver setup: ignoring JPA class transformer
2024-09-30T01:14:59.582-03:00  INFO 11956 --- [UserService] [           main] com.zaxxer.hikari.HikariDataSource       : HikariPool-1 - Starting...
2024-09-30T01:14:59.992-03:00  INFO 11956 --- [UserService] [           main] com.zaxxer.hikari.pool.HikariPool        : HikariPool-1 - Added connection com.mysql.cj.jdbc.ConnectionImpl@5243d730
2024-09-30T01:14:59.996-03:00  INFO 11956 --- [UserService] [           main] com.zaxxer.hikari.HikariDataSource       : HikariPool-1 - Start completed.
2024-09-30T01:15:00.176-03:00  WARN 11956 --- [UserService] [           main] org.hibernate.dialect.Dialect            : HHH000511: The 5.5.5 version for [org.hibernate.dialect.MySQLDialect] is no longer supported, hence certain features may not work properly. The minimum supported version is 8.0.0. Check the community dialects project for available legacy versions.
2024-09-30T01:15:01.269-03:00  INFO 11956 --- [UserService] [           main] o.h.e.t.j.p.i.JtaPlatformInitiator       : HHH000489: No JTA platform available (set 'hibernate.transaction.jta.platform' to enable JTA platform integration)
2024-09-30T01:15:01.372-03:00  INFO 11956 --- [UserService] [           main] j.LocalContainerEntityManagerFactoryBean : Initialized JPA EntityManagerFactory for persistence unit 'default'
2024-09-30T01:15:02.095-03:00  INFO 11956 --- [UserService] [           main] r$InitializeUserDetailsManagerConfigurer : Global AuthenticationManager configured with UserDetailsService bean with name userService
2024-09-30T01:15:02.344-03:00  WARN 11956 --- [UserService] [           main] JpaBaseConfiguration$JpaWebConfiguration : spring.jpa.open-in-view is enabled by default. Therefore, database queries may be performed during view rendering. Explicitly configure spring.jpa.open-in-view to disable this warning
2024-09-30T01:15:03.787-03:00  INFO 11956 --- [UserService] [           main] o.s.b.a.e.web.EndpointLinksResolver      : Exposing 17 endpoints beneath base path '/actuator'
2024-09-30T01:15:05.100-03:00  INFO 11956 --- [UserService] [           main] DiscoveryClientOptionalArgsConfiguration : Eureka HTTP Client uses RestTemplate.
2024-09-30T01:15:05.200-03:00  WARN 11956 --- [UserService] [           main] iguration$LoadBalancerCaffeineWarnLogger : Spring Cloud LoadBalancer is currently working with the default cache. While this cache implementation is useful for development and tests, it's recommended to use Caffeine cache in production.You can switch to using Caffeine cache, by adding it and org.springframework.cache.caffeine.CaffeineCacheManager to the classpath.
2024-09-30T01:15:05.313-03:00  INFO 11956 --- [UserService] [           main] c.e.U.UserServiceApplicationTests        : Started UserServiceApplicationTests in 14.52 seconds (process running for 16.257)
]]></system-out>
  </testcase>
</testsuite>