<?xml version="1.0" encoding="UTF-8"?>
<testsuite xmlns:xsi="http://www.w3.org/2001/XMLSchema-instance" xsi:noNamespaceSchemaLocation="https://maven.apache.org/surefire/maven-surefire-plugin/xsd/surefire-test-report-3.0.xsd" version="3.0" name="com.example.gateway.GatewayApplicationTests" time="13.201" tests="1" errors="0" skipped="0" failures="0">
  <properties>
[...]
</properties>
  <testcase name="contextLoads" classname="com.example.gateway.GatewayApplicationTests" time="1.589">
    <system-out><![CDATA[01:11:47,094 |-INFO in ch.qos.logback.classic.LoggerContext[default] - This is logback-classic version 1.5.8
01:11:47,099 |-INFO in ch.qos.logback.classic.util.ContextInitializer@f14a7d4 - Here is a list of configurators discovered as a service, by rank: 
01:11:47,099 |-INFO in ch.qos.logback.classic.util.ContextInitializer@f14a7d4 -   org.springframework.boot.logging.logback.RootLogLevelConfigurator
01:11:47,099 |-INFO in ch.qos.logback.classic.util.ContextInitializer@f14a7d4 - They will be invoked in order until ExecutionStatus.DO_NOT_INVOKE_NEXT_IF_ANY is returned.
01:11:47,099 |-INFO in ch.qos.logback.classic.util.ContextInitializer@f14a7d4 - Constructed configurator of type class org.springframework.boot.logging.logback.RootLogLevelConfigurator
01:11:47,106 |-INFO in ch.qos.logback.classic.util.ContextInitializer@f14a7d4 - org.springframework.boot.logging.logback.RootLogLevelConfigurator.configure() call lasted 0 milliseconds. ExecutionStatus=INVOKE_NEXT_IF_ANY
01:11:47,106 |-INFO in ch.qos.logback.classic.util.ContextInitializer@f14a7d4 - Trying to configure with ch.qos.logback.classic.joran.SerializedModelConfigurator
01:11:47,107 |-INFO in ch.qos.logback.classic.util.ContextInitializer@f14a7d4 - Constructed configurator of type class ch.qos.logback.classic.joran.SerializedModelConfigurator
01:11:47,110 |-INFO in ch.qos.logback.classic.LoggerContext[default] - Could NOT find resource [logback-test.scmo]
01:11:47,110 |-INFO in ch.qos.logback.classic.LoggerContext[default] - Could NOT find resource [logback.scmo]
01:11:47,111 |-INFO in ch.qos.logback.classic.util.ContextInitializer@f14a7d4 - ch.qos.logback.classic.joran.SerializedModelConfigurator.configure() call lasted 3 milliseconds. ExecutionStatus=INVOKE_NEXT_IF_ANY
01:11:47,111 |-INFO in ch.qos.logback.classic.util.ContextInitializer@f14a7d4 - Trying to configure with ch.qos.logback.classic.util.DefaultJoranConfigurator
01:11:47,112 |-INFO in ch.qos.logback.classic.util.ContextInitializer@f14a7d4 - Constructed configurator of type class ch.qos.logback.classic.util.DefaultJoranConfigurator
01:11:47,112 |-INFO in ch.qos.logback.classic.LoggerContext[default] - Could NOT find resource [logback-test.xml]
01:11:47,115 |-INFO in ch.qos.logback.classic.LoggerContext[default] - Found resource [logback.xml] at [file:/C:/Users/dougl/OneDrive/%C3%81rea%20de%20Trabalho/Curso%20MIT%20em%20Engenharia%20de%20Software%20com%20Java/Trabalho%20da%20Mat%C3%A9ria%20de%20Arquiteturas%20Avan%C3%A7adas%20de%20Software%20com%20Microsservi%C3%A7os%20e%20Spring%20Framework/gateway/target/classes/logback.xml]
01:11:47,224 |-INFO in ch.qos.logback.core.joran.util.ConfigurationWatchListUtil@52e7a6b2 - Adding [jar:file:/C:/Users/dougl/.m2/repository/org/springframework/boot/spring-boot/3.3.4/spring-boot-3.3.4.jar!/org/springframework/boot/logging/logback/defaults.xml] to configuration watch list.
01:11:47,224 |-INFO in ch.qos.logback.core.joran.spi.ConfigurationWatchList@29a5f4e7 - URL [jar:file:/C:/Users/dougl/.m2/repository/org/springframework/boot/spring-boot/3.3.4/spring-boot-3.3.4.jar!/org/springframework/boot/logging/logback/defaults.xml] is not of type file
01:11:47,229 |-INFO in ch.qos.logback.core.model.processor.ConversionRuleModelHandler - registering conversion word applicationName with class [org.springframework.boot.logging.logback.ApplicationNameConverter]
01:11:47,229 |-INFO in ch.qos.logback.core.model.processor.ConversionRuleModelHandler - registering conversion word clr with class [org.springframework.boot.logging.logback.ColorConverter]
01:11:47,229 |-INFO in ch.qos.logback.core.model.processor.ConversionRuleModelHandler - registering conversion word correlationId with class [org.springframework.boot.logging.logback.CorrelationIdConverter]
01:11:47,229 |-INFO in ch.qos.logback.core.model.processor.ConversionRuleModelHandler - registering conversion word wex with class [org.springframework.boot.logging.logback.WhitespaceThrowableProxyConverter]
01:11:47,229 |-INFO in ch.qos.logback.core.model.processor.ConversionRuleModelHandler - registering conversion word wEx with class [org.springframework.boot.logging.logback.ExtendedWhitespaceThrowableProxyConverter]
01:11:47,235 |-INFO in ch.qos.logback.core.model.processor.ModelInterpretationContext@79c97cb - value "%clr(%d{yyyy-MM-dd'T'HH:mm:ss.SSSXXX}){faint} %clr(%5p) %clr( ){magenta} %clr(---){faint} %clr(%applicationName[%15.15t]){faint} %clr(){faint}%clr(%-40.40logger{39}){cyan} %clr(:){faint} %m%n%wEx" substituted for "${CONSOLE_LOG_PATTERN:-%clr(%d{${LOG_DATEFORMAT_PATTERN:-yyyy-MM-dd'T'HH:mm:ss.SSSXXX}}){faint} %clr(${LOG_LEVEL_PATTERN:-%5p}) %clr(${PID:- }){magenta} %clr(---){faint} %clr(%applicationName[%15.15t]){faint} %clr(${LOG_CORRELATION_PATTERN:-}){faint}%clr(%-40.40logger{39}){cyan} %clr(:){faint} %m%n${LOG_EXCEPTION_CONVERSION_WORD:-%wEx}}"
01:11:47,235 |-INFO in ch.qos.logback.core.model.processor.ModelInterpretationContext@79c97cb - value "UTF-8" substituted for "${CONSOLE_LOG_CHARSET:-${file.encoding:-UTF-8}}"
01:11:47,235 |-INFO in ch.qos.logback.core.model.processor.ModelInterpretationContext@79c97cb - value "TRACE" substituted for "${CONSOLE_LOG_THRESHOLD:-TRACE}"
01:11:47,235 |-INFO in ch.qos.logback.core.model.processor.ModelInterpretationContext@79c97cb - value "%d{yyyy-MM-dd'T'HH:mm:ss.SSSXXX} %5p   --- %applicationName[%t] %-40.40logger{39} : %m%n%wEx" substituted for "${FILE_LOG_PATTERN:-%d{${LOG_DATEFORMAT_PATTERN:-yyyy-MM-dd'T'HH:mm:ss.SSSXXX}} ${LOG_LEVEL_PATTERN:-%5p} ${PID:- } --- %applicationName[%t] ${LOG_CORRELATION_PATTERN:-}%-40.40logger{39} : %m%n${LOG_EXCEPTION_CONVERSION_WORD:-%wEx}}"
01:11:47,235 |-INFO in ch.qos.logback.core.model.processor.ModelInterpretationContext@79c97cb - value "UTF-8" substituted for "${FILE_LOG_CHARSET:-${file.encoding:-UTF-8}}"
01:11:47,235 |-INFO in ch.qos.logback.core.model.processor.ModelInterpretationContext@79c97cb - value "TRACE" substituted for "${FILE_LOG_THRESHOLD:-TRACE}"
01:11:47,244 |-WARN in ch.qos.logback.core.model.processor.ImplicitModelHandler - Ignoring unknown property [springProfile] in [ch.qos.logback.classic.LoggerContext]
01:11:47,244 |-WARN in ch.qos.logback.core.model.processor.ImplicitModelHandler - Ignoring unknown property [springProfile] in [ch.qos.logback.classic.LoggerContext]
01:11:47,247 |-INFO in ch.qos.logback.classic.model.processor.LoggerModelHandler - Setting level of logger [org.apache.catalina.startup.DigesterFactory] to ERROR
01:11:47,247 |-INFO in ch.qos.logback.classic.model.processor.LoggerModelHandler - Setting level of logger [org.apache.catalina.util.LifecycleBase] to ERROR
01:11:47,247 |-INFO in ch.qos.logback.classic.model.processor.LoggerModelHandler - Setting level of logger [org.apache.coyote.http11.Http11NioProtocol] to WARN
01:11:47,247 |-INFO in ch.qos.logback.classic.model.processor.LoggerModelHandler - Setting level of logger [org.apache.sshd.common.util.SecurityUtils] to WARN
01:11:47,247 |-INFO in ch.qos.logback.classic.model.processor.LoggerModelHandler - Setting level of logger [org.apache.tomcat.util.net.NioSelectorPool] to WARN
01:11:47,247 |-INFO in ch.qos.logback.classic.model.processor.LoggerModelHandler - Setting level of logger [org.eclipse.jetty.util.component.AbstractLifeCycle] to ERROR
01:11:47,247 |-INFO in ch.qos.logback.classic.model.processor.LoggerModelHandler - Setting level of logger [org.hibernate.validator.internal.util.Version] to WARN
01:11:47,247 |-INFO in ch.qos.logback.classic.model.processor.LoggerModelHandler - Setting level of logger [org.springframework.boot.actuate.endpoint.jmx] to WARN
01:11:47,247 |-WARN in ch.qos.logback.core.model.processor.AppenderModelHandler - Appender named [PAPERTRAIL] not referenced. Skipping further processing.
01:11:47,247 |-WARN in ch.qos.logback.core.model.processor.AppenderModelHandler - Appender named [STDOUT] not referenced. Skipping further processing.
01:11:47,247 |-INFO in ch.qos.logback.classic.model.processor.LoggerModelHandler - Setting level of logger [com.zaxxer.hikari.pool.PoolBase] to OFF
01:11:47,248 |-INFO in ch.qos.logback.core.model.processor.DefaultProcessor@2d9caaeb - End of configuration.
01:11:47,250 |-INFO in ch.qos.logback.classic.joran.JoranConfigurator@42a15bdc - Registering current configuration as safe fallback point
01:11:47,250 |-INFO in ch.qos.logback.classic.util.ContextInitializer@f14a7d4 - ch.qos.logback.classic.util.DefaultJoranConfigurator.configure() call lasted 138 milliseconds. ExecutionStatus=DO_NOT_INVOKE_NEXT_IF_ANY


  .   ____          _            __ _ _
 /\\ / ___'_ __ _ _(_)_ __  __ _ \ \ \ \
( ( )\___ | '_ | '_| | '_ \/ _` | \ \ \ \
 \\/  ___)| |_)| | | | | || (_| |  ) ) ) )
  '  |____| .__|_| |_|_| |_\__, | / / / /
 =========|_|==============|___/=/_/_/_/

 :: Spring Boot ::                (v3.3.4)

2024-09-30T01:11:51.849-03:00  INFO 5660 --- [gateway] [           main] c.e.gateway.GatewayApplicationTests      : Starting GatewayApplicationTests using Java 23 with PID 5660 (started by dougl in C:\Users\dougl\OneDrive\Área de Trabalho\Curso MIT em Engenharia de Software com Java\Trabalho da Matéria de Arquiteturas Avançadas de Software com Microsserviços e Spring Framework\gateway)
2024-09-30T01:11:51.860-03:00  INFO 5660 --- [gateway] [           main] c.e.gateway.GatewayApplicationTests      : No active profile set, falling back to 1 default profile: "default"
2024-09-30T01:11:51.942-03:00  INFO 5660 --- [gateway] [           main] o.s.c.c.c.ConfigServerConfigDataLoader   : Fetching config from server at : http://localhost:52769/
2024-09-30T01:11:51.943-03:00  INFO 5660 --- [gateway] [           main] o.s.c.c.c.ConfigServerConfigDataLoader   : Located environment: name=gateway, profiles=[default], label=null, version=4e2cad03708fde8a1a9338ffe71b67ad36e3bf22, state=null
2024-09-30T01:11:53.376-03:00  INFO 5660 --- [gateway] [           main] o.s.cloud.context.scope.GenericScope     : BeanFactory id=68e99e14-7d87-3be0-92eb-df6b6feefbd3
2024-09-30T01:11:53.519-03:00  WARN 5660 --- [gateway] [           main] trationDelegate$BeanPostProcessorChecker : Bean 'org.springframework.cloud.client.loadbalancer.LoadBalancerAutoConfiguration$DeferringLoadBalancerInterceptorConfig' of type [org.springframework.cloud.client.loadbalancer.LoadBalancerAutoConfiguration$DeferringLoadBalancerInterceptorConfig] is not eligible for getting processed by all BeanPostProcessors (for example: not eligible for auto-proxying). The currently created BeanPostProcessor [lbRestClientPostProcessor] is declared through a non-static factory method on that class; consider declaring it as static instead.
2024-09-30T01:11:53.521-03:00  WARN 5660 --- [gateway] [           main] trationDelegate$BeanPostProcessorChecker : Bean 'deferringLoadBalancerInterceptor' of type [org.springframework.cloud.client.loadbalancer.DeferringLoadBalancerInterceptor] is not eligible for getting processed by all BeanPostProcessors (for example: not eligible for auto-proxying). Is this bean getting eagerly injected into a currently created BeanPostProcessor [lbRestClientPostProcessor]? Check the corresponding BeanPostProcessor declaration and its dependencies.
2024-09-30T01:11:53.523-03:00  WARN 5660 --- [gateway] [           main] trationDelegate$BeanPostProcessorChecker : Bean 'org.springframework.cloud.client.loadbalancer.reactive.LoadBalancerBeanPostProcessorAutoConfiguration' of type [org.springframework.cloud.client.loadbalancer.reactive.LoadBalancerBeanPostProcessorAutoConfiguration] is not eligible for getting processed by all BeanPostProcessors (for example: not eligible for auto-proxying). The currently created BeanPostProcessor [loadBalancerWebClientBuilderBeanPostProcessor] is declared through a non-static factory method on that class; consider declaring it as static instead.
2024-09-30T01:11:53.524-03:00  WARN 5660 --- [gateway] [           main] trationDelegate$BeanPostProcessorChecker : Bean 'org.springframework.cloud.client.loadbalancer.reactive.LoadBalancerBeanPostProcessorAutoConfiguration$ReactorDeferringLoadBalancerFilterConfig' of type [org.springframework.cloud.client.loadbalancer.reactive.LoadBalancerBeanPostProcessorAutoConfiguration$ReactorDeferringLoadBalancerFilterConfig] is not eligible for getting processed by all BeanPostProcessors (for example: not eligible for auto-proxying). Is this bean getting eagerly injected into a currently created BeanPostProcessor [loadBalancerWebClientBuilderBeanPostProcessor]? Check the corresponding BeanPostProcessor declaration and its dependencies.
2024-09-30T01:11:53.526-03:00  WARN 5660 --- [gateway] [           main] trationDelegate$BeanPostProcessorChecker : Bean 'reactorDeferringLoadBalancerExchangeFilterFunction' of type [org.springframework.cloud.client.loadbalancer.reactive.DeferringLoadBalancerExchangeFilterFunction] is not eligible for getting processed by all BeanPostProcessors (for example: not eligible for auto-proxying). Is this bean getting eagerly injected into a currently created BeanPostProcessor [loadBalancerWebClientBuilderBeanPostProcessor]? Check the corresponding BeanPostProcessor declaration and its dependencies.
2024-09-30T01:11:55.055-03:00  INFO 5660 --- [gateway] [           main] o.s.cloud.commons.util.InetUtils         : Cannot determine local hostname
2024-09-30T01:11:56.104-03:00  INFO 5660 --- [gateway] [           main] o.s.cloud.commons.util.InetUtils         : Cannot determine local hostname
2024-09-30T01:11:56.560-03:00  INFO 5660 --- [gateway] [           main] o.s.c.g.r.RouteDefinitionRouteLocator    : Loaded RoutePredicateFactory [After]
2024-09-30T01:11:56.560-03:00  INFO 5660 --- [gateway] [           main] o.s.c.g.r.RouteDefinitionRouteLocator    : Loaded RoutePredicateFactory [Before]
2024-09-30T01:11:56.560-03:00  INFO 5660 --- [gateway] [           main] o.s.c.g.r.RouteDefinitionRouteLocator    : Loaded RoutePredicateFactory [Between]
2024-09-30T01:11:56.561-03:00  INFO 5660 --- [gateway] [           main] o.s.c.g.r.RouteDefinitionRouteLocator    : Loaded RoutePredicateFactory [Cookie]
2024-09-30T01:11:56.561-03:00  INFO 5660 --- [gateway] [           main] o.s.c.g.r.RouteDefinitionRouteLocator    : Loaded RoutePredicateFactory [Header]
2024-09-30T01:11:56.561-03:00  INFO 5660 --- [gateway] [           main] o.s.c.g.r.RouteDefinitionRouteLocator    : Loaded RoutePredicateFactory [Host]
2024-09-30T01:11:56.561-03:00  INFO 5660 --- [gateway] [           main] o.s.c.g.r.RouteDefinitionRouteLocator    : Loaded RoutePredicateFactory [Method]
2024-09-30T01:11:56.561-03:00  INFO 5660 --- [gateway] [           main] o.s.c.g.r.RouteDefinitionRouteLocator    : Loaded RoutePredicateFactory [Path]
2024-09-30T01:11:56.561-03:00  INFO 5660 --- [gateway] [           main] o.s.c.g.r.RouteDefinitionRouteLocator    : Loaded RoutePredicateFactory [Query]
2024-09-30T01:11:56.562-03:00  INFO 5660 --- [gateway] [           main] o.s.c.g.r.RouteDefinitionRouteLocator    : Loaded RoutePredicateFactory [ReadBody]
2024-09-30T01:11:56.562-03:00  INFO 5660 --- [gateway] [           main] o.s.c.g.r.RouteDefinitionRouteLocator    : Loaded RoutePredicateFactory [RemoteAddr]
2024-09-30T01:11:56.562-03:00  INFO 5660 --- [gateway] [           main] o.s.c.g.r.RouteDefinitionRouteLocator    : Loaded RoutePredicateFactory [XForwardedRemoteAddr]
2024-09-30T01:11:56.562-03:00  INFO 5660 --- [gateway] [           main] o.s.c.g.r.RouteDefinitionRouteLocator    : Loaded RoutePredicateFactory [Weight]
2024-09-30T01:11:56.562-03:00  INFO 5660 --- [gateway] [           main] o.s.c.g.r.RouteDefinitionRouteLocator    : Loaded RoutePredicateFactory [CloudFoundryRouteService]
2024-09-30T01:11:57.809-03:00  INFO 5660 --- [gateway] [           main] o.s.cloud.commons.util.InetUtils         : Cannot determine local hostname
2024-09-30T01:11:57.951-03:00  INFO 5660 --- [gateway] [           main] o.s.b.a.e.web.EndpointLinksResolver      : Exposing 17 endpoints beneath base path '/actuator'
2024-09-30T01:11:58.237-03:00  INFO 5660 --- [gateway] [           main] DiscoveryClientOptionalArgsConfiguration : Eureka HTTP Client uses RestTemplate.
2024-09-30T01:11:58.265-03:00  WARN 5660 --- [gateway] [           main] iguration$LoadBalancerCaffeineWarnLogger : Spring Cloud LoadBalancer is currently working with the default cache. While this cache implementation is useful for development and tests, it's recommended to use Caffeine cache in production.You can switch to using Caffeine cache, by adding it and org.springframework.cache.caffeine.CaffeineCacheManager to the classpath.
2024-09-30T01:11:58.335-03:00  INFO 5660 --- [gateway] [           main] o.s.c.n.eureka.InstanceInfoFactory       : Setting initial instance status as: STARTING
2024-09-30T01:11:58.359-03:00  INFO 5660 --- [gateway] [           main] com.netflix.discovery.DiscoveryClient    : Initializing Eureka in region us-east-1
2024-09-30T01:11:58.365-03:00  INFO 5660 --- [gateway] [           main] c.n.d.s.r.aws.ConfigClusterResolver      : Resolving eureka endpoints via configuration
2024-09-30T01:11:58.373-03:00  INFO 5660 --- [gateway] [           main] com.netflix.discovery.DiscoveryClient    : Disable delta property : false
2024-09-30T01:11:58.374-03:00  INFO 5660 --- [gateway] [           main] com.netflix.discovery.DiscoveryClient    : Single vip registry refresh property : null
2024-09-30T01:11:58.374-03:00  INFO 5660 --- [gateway] [           main] com.netflix.discovery.DiscoveryClient    : Force full registry fetch : false
2024-09-30T01:11:58.374-03:00  INFO 5660 --- [gateway] [           main] com.netflix.discovery.DiscoveryClient    : Application is null : false
2024-09-30T01:11:58.374-03:00  INFO 5660 --- [gateway] [           main] com.netflix.discovery.DiscoveryClient    : Registered Applications size is zero : true
2024-09-30T01:11:58.374-03:00  INFO 5660 --- [gateway] [           main] com.netflix.discovery.DiscoveryClient    : Application version is -1: true
2024-09-30T01:11:58.375-03:00  INFO 5660 --- [gateway] [           main] com.netflix.discovery.DiscoveryClient    : Getting all instance registry info from the eureka server
2024-09-30T01:11:58.400-03:00  INFO 5660 --- [gateway] [           main] com.netflix.discovery.DiscoveryClient    : The response status is 200
2024-09-30T01:11:58.403-03:00  INFO 5660 --- [gateway] [           main] com.netflix.discovery.DiscoveryClient    : Starting heartbeat executor: renew interval is: 30
2024-09-30T01:11:58.406-03:00  INFO 5660 --- [gateway] [           main] c.n.discovery.InstanceInfoReplicator     : InstanceInfoReplicator onDemand update allowed rate per min is 4
2024-09-30T01:11:58.408-03:00  INFO 5660 --- [gateway] [           main] com.netflix.discovery.DiscoveryClient    : Discovery Client initialized at timestamp 1727669518408 with initial instances count: 2
2024-09-30T01:11:58.413-03:00  INFO 5660 --- [gateway] [           main] o.s.c.n.e.s.EurekaServiceRegistry        : Registering application GATEWAY with eureka with status UP
2024-09-30T01:11:58.414-03:00  INFO 5660 --- [gateway] [           main] com.netflix.discovery.DiscoveryClient    : Saw local status change event StatusChangeEvent [timestamp=1727669518414, current=UP, previous=STARTING]
2024-09-30T01:11:58.418-03:00  INFO 5660 --- [gateway] [foReplicator-%d] com.netflix.discovery.DiscoveryClient    : DiscoveryClient_GATEWAY/localhost:gateway:9999: registering service...
2024-09-30T01:11:58.488-03:00  INFO 5660 --- [gateway] [foReplicator-%d] com.netflix.discovery.DiscoveryClient    : DiscoveryClient_GATEWAY/localhost:gateway:9999 - registration status: 204
2024-09-30T01:11:58.625-03:00  INFO 5660 --- [gateway] [           main] c.e.gateway.GatewayApplicationTests      : Started GatewayApplicationTests in 10.86 seconds (process running for 13.494)
]]></system-out>
    <system-err><![CDATA[WARNING: A Java agent has been loaded dynamically (C:\Users\dougl\.m2\repository\net\bytebuddy\byte-buddy-agent\1.14.19\byte-buddy-agent-1.14.19.jar)
WARNING: If a serviceability tool is in use, please run with -XX:+EnableDynamicAgentLoading to hide this warning
WARNING: If a serviceability tool is not in use, please run with -Djdk.instrument.traceUsage for more information
WARNING: Dynamic loading of agents will be disallowed by default in a future release
]]></system-err>
  </testcase>
</testsuite>