<?xml version="1.0" encoding="UTF-8"?>
<testsuite xmlns:xsi="http://www.w3.org/2001/XMLSchema-instance" xsi:noNamespaceSchemaLocation="https://maven.apache.org/surefire/maven-surefire-plugin/xsd/surefire-test-report-3.0.xsd" version="3.0" name="com.acme.gateway.GatewayApplicationTests" time="0.503" tests="1" errors="1" skipped="0" failures="0">
  <properties>
[...]
</properties>
  <testcase name="" classname="com.acme.gateway.GatewayApplicationTests" time="0.503">
    <error message="Unable to find a @SpringBootConfiguration, you need to use @ContextConfiguration or @SpringBootTest(classes=...) with your test" type="java.lang.IllegalStateException"><![CDATA[java.lang.IllegalStateException: Unable to find a @SpringBootConfiguration, you need to use @ContextConfiguration or @SpringBootTest(classes=...) with your test
	at org.springframework.util.Assert.state(Assert.java:76)
	at org.springframework.boot.test.context.SpringBootTestContextBootstrapper.findConfigurationClass(SpringBootTestContextBootstrapper.java:246)
	at org.springframework.boot.test.context.SpringBootTestContextBootstrapper.getOrFindConfigurationClasses(SpringBootTestContextBootstrapper.java:233)
	at org.springframework.boot.test.context.SpringBootTestContextBootstrapper.processMergedContextConfiguration(SpringBootTestContextBootstrapper.java:150)
	at org.springframework.test.context.support.AbstractTestContextBootstrapper.buildMergedContextConfiguration(AbstractTestContextBootstrapper.java:351)
	at org.springframework.test.context.support.AbstractTestContextBootstrapper.buildDefaultMergedContextConfiguration(AbstractTestContextBootstrapper.java:267)
	at org.springframework.test.context.support.AbstractTestContextBootstrapper.buildMergedContextConfiguration(AbstractTestContextBootstrapper.java:215)
	at org.springframework.test.context.support.AbstractTestContextBootstrapper.buildTestContext(AbstractTestContextBootstrapper.java:108)
	at org.springframework.boot.test.context.SpringBootTestContextBootstrapper.buildTestContext(SpringBootTestContextBootstrapper.java:111)
	at org.springframework.test.context.TestContextManager.<init>(TestContextManager.java:142)
	at org.springframework.test.context.TestContextManager.<init>(TestContextManager.java:126)
	at org.springframework.test.context.junit.jupiter.SpringExtension.getTestContextManager(SpringExtension.java:366)
	at org.springframework.test.context.junit.jupiter.SpringExtension.beforeAll(SpringExtension.java:131)
	at java.base/java.util.ArrayList.forEach(ArrayList.java:1597)
]]></error>
    <system-out><![CDATA[23:23:02,663 |-INFO in ch.qos.logback.classic.LoggerContext[default] - This is logback-classic version 1.5.7
23:23:02,667 |-INFO in ch.qos.logback.classic.util.ContextInitializer@58594a11 - Here is a list of configurators discovered as a service, by rank: 
23:23:02,667 |-INFO in ch.qos.logback.classic.util.ContextInitializer@58594a11 -   org.springframework.boot.logging.logback.RootLogLevelConfigurator
23:23:02,667 |-INFO in ch.qos.logback.classic.util.ContextInitializer@58594a11 - They will be invoked in order until ExecutionStatus.DO_NOT_INVOKE_NEXT_IF_ANY is returned.
23:23:02,667 |-INFO in ch.qos.logback.classic.util.ContextInitializer@58594a11 - Constructed configurator of type class org.springframework.boot.logging.logback.RootLogLevelConfigurator
23:23:02,675 |-INFO in ch.qos.logback.classic.util.ContextInitializer@58594a11 - org.springframework.boot.logging.logback.RootLogLevelConfigurator.configure() call lasted 0 milliseconds. ExecutionStatus=INVOKE_NEXT_IF_ANY
23:23:02,675 |-INFO in ch.qos.logback.classic.util.ContextInitializer@58594a11 - Trying to configure with ch.qos.logback.classic.joran.SerializedModelConfigurator
23:23:02,677 |-INFO in ch.qos.logback.classic.util.ContextInitializer@58594a11 - Constructed configurator of type class ch.qos.logback.classic.joran.SerializedModelConfigurator
23:23:02,680 |-INFO in ch.qos.logback.classic.LoggerContext[default] - Could NOT find resource [logback-test.scmo]
23:23:02,680 |-INFO in ch.qos.logback.classic.LoggerContext[default] - Could NOT find resource [logback.scmo]
23:23:02,680 |-INFO in ch.qos.logback.classic.util.ContextInitializer@58594a11 - ch.qos.logback.classic.joran.SerializedModelConfigurator.configure() call lasted 3 milliseconds. ExecutionStatus=INVOKE_NEXT_IF_ANY
23:23:02,680 |-INFO in ch.qos.logback.classic.util.ContextInitializer@58594a11 - Trying to configure with ch.qos.logback.classic.util.DefaultJoranConfigurator
23:23:02,681 |-INFO in ch.qos.logback.classic.util.ContextInitializer@58594a11 - Constructed configurator of type class ch.qos.logback.classic.util.DefaultJoranConfigurator
23:23:02,681 |-INFO in ch.qos.logback.classic.LoggerContext[default] - Could NOT find resource [logback-test.xml]
23:23:02,685 |-INFO in ch.qos.logback.classic.LoggerContext[default] - Found resource [logback.xml] at [file:/C:/Users/dougl/OneDrive/%C3%81rea%20de%20Trabalho/Curso%20MIT%20em%20Engenharia%20de%20Software%20com%20Java/Trabalho%20da%20Mat%C3%A9ria%20de%20Arquiteturas%20Avan%C3%A7adas%20de%20Software%20com%20Microsservi%C3%A7os%20e%20Spring%20Framework/gateway/target/classes/logback.xml]
23:23:02,803 |-INFO in ch.qos.logback.core.joran.util.ConfigurationWatchListUtil@2a3888c1 - Adding [jar:file:/C:/Users/dougl/.m2/repository/org/springframework/boot/spring-boot/3.3.3/spring-boot-3.3.3.jar!/org/springframework/boot/logging/logback/defaults.xml] to configuration watch list.
23:23:02,803 |-INFO in ch.qos.logback.core.joran.spi.ConfigurationWatchList@4167d97b - URL [jar:file:/C:/Users/dougl/.m2/repository/org/springframework/boot/spring-boot/3.3.3/spring-boot-3.3.3.jar!/org/springframework/boot/logging/logback/defaults.xml] is not of type file
23:23:02,812 |-WARN in ch.qos.logback.core.joran.action.ConversionRuleAction - [converterClass] attribute is deprecated and replaced by [class]. See element [conversionRule] near line 8
23:23:02,812 |-WARN in ch.qos.logback.core.joran.action.ConversionRuleAction - [converterClass] attribute is deprecated and replaced by [class]. See element [conversionRule] near line 9
23:23:02,812 |-WARN in ch.qos.logback.core.joran.action.ConversionRuleAction - [converterClass] attribute is deprecated and replaced by [class]. See element [conversionRule] near line 10
23:23:02,812 |-WARN in ch.qos.logback.core.joran.action.ConversionRuleAction - [converterClass] attribute is deprecated and replaced by [class]. See element [conversionRule] near line 11
23:23:02,812 |-WARN in ch.qos.logback.core.joran.action.ConversionRuleAction - [converterClass] attribute is deprecated and replaced by [class]. See element [conversionRule] near line 12
23:23:02,814 |-INFO in ch.qos.logback.core.model.processor.ConversionRuleModelHandler - registering conversion word applicationName with class [org.springframework.boot.logging.logback.ApplicationNameConverter]
23:23:02,814 |-INFO in ch.qos.logback.core.model.processor.ConversionRuleModelHandler - registering conversion word clr with class [org.springframework.boot.logging.logback.ColorConverter]
23:23:02,814 |-INFO in ch.qos.logback.core.model.processor.ConversionRuleModelHandler - registering conversion word correlationId with class [org.springframework.boot.logging.logback.CorrelationIdConverter]
23:23:02,814 |-INFO in ch.qos.logback.core.model.processor.ConversionRuleModelHandler - registering conversion word wex with class [org.springframework.boot.logging.logback.WhitespaceThrowableProxyConverter]
23:23:02,814 |-INFO in ch.qos.logback.core.model.processor.ConversionRuleModelHandler - registering conversion word wEx with class [org.springframework.boot.logging.logback.ExtendedWhitespaceThrowableProxyConverter]
23:23:02,817 |-INFO in ch.qos.logback.core.model.processor.ModelInterpretationContext@14fa86ae - value "%clr(%d{yyyy-MM-dd'T'HH:mm:ss.SSSXXX}){faint} %clr(%5p) %clr( ){magenta} %clr(---){faint} %clr(%applicationName[%15.15t]){faint} %clr(){faint}%clr(%-40.40logger{39}){cyan} %clr(:){faint} %m%n%wEx" substituted for "${CONSOLE_LOG_PATTERN:-%clr(%d{${LOG_DATEFORMAT_PATTERN:-yyyy-MM-dd'T'HH:mm:ss.SSSXXX}}){faint} %clr(${LOG_LEVEL_PATTERN:-%5p}) %clr(${PID:- }){magenta} %clr(---){faint} %clr(%applicationName[%15.15t]){faint} %clr(${LOG_CORRELATION_PATTERN:-}){faint}%clr(%-40.40logger{39}){cyan} %clr(:){faint} %m%n${LOG_EXCEPTION_CONVERSION_WORD:-%wEx}}"
23:23:02,817 |-INFO in ch.qos.logback.core.model.processor.ModelInterpretationContext@14fa86ae - value "UTF-8" substituted for "${CONSOLE_LOG_CHARSET:-${file.encoding:-UTF-8}}"
23:23:02,817 |-INFO in ch.qos.logback.core.model.processor.ModelInterpretationContext@14fa86ae - value "TRACE" substituted for "${CONSOLE_LOG_THRESHOLD:-TRACE}"
23:23:02,817 |-INFO in ch.qos.logback.core.model.processor.ModelInterpretationContext@14fa86ae - value "%d{yyyy-MM-dd'T'HH:mm:ss.SSSXXX} %5p   --- %applicationName[%t] %-40.40logger{39} : %m%n%wEx" substituted for "${FILE_LOG_PATTERN:-%d{${LOG_DATEFORMAT_PATTERN:-yyyy-MM-dd'T'HH:mm:ss.SSSXXX}} ${LOG_LEVEL_PATTERN:-%5p} ${PID:- } --- %applicationName[%t] ${LOG_CORRELATION_PATTERN:-}%-40.40logger{39} : %m%n${LOG_EXCEPTION_CONVERSION_WORD:-%wEx}}"
23:23:02,817 |-INFO in ch.qos.logback.core.model.processor.ModelInterpretationContext@14fa86ae - value "UTF-8" substituted for "${FILE_LOG_CHARSET:-${file.encoding:-UTF-8}}"
23:23:02,817 |-INFO in ch.qos.logback.core.model.processor.ModelInterpretationContext@14fa86ae - value "TRACE" substituted for "${FILE_LOG_THRESHOLD:-TRACE}"
23:23:02,828 |-WARN in ch.qos.logback.core.model.processor.ImplicitModelHandler - Ignoring unknown property [springProfile] in [ch.qos.logback.classic.LoggerContext]
23:23:02,828 |-WARN in ch.qos.logback.core.model.processor.ImplicitModelHandler - Ignoring unknown property [springProfile] in [ch.qos.logback.classic.LoggerContext]
23:23:02,830 |-INFO in ch.qos.logback.classic.model.processor.LoggerModelHandler - Setting level of logger [org.apache.catalina.startup.DigesterFactory] to ERROR
23:23:02,830 |-INFO in ch.qos.logback.classic.model.processor.LoggerModelHandler - Setting level of logger [org.apache.catalina.util.LifecycleBase] to ERROR
23:23:02,830 |-INFO in ch.qos.logback.classic.model.processor.LoggerModelHandler - Setting level of logger [org.apache.coyote.http11.Http11NioProtocol] to WARN
23:23:02,830 |-INFO in ch.qos.logback.classic.model.processor.LoggerModelHandler - Setting level of logger [org.apache.sshd.common.util.SecurityUtils] to WARN
23:23:02,830 |-INFO in ch.qos.logback.classic.model.processor.LoggerModelHandler - Setting level of logger [org.apache.tomcat.util.net.NioSelectorPool] to WARN
23:23:02,830 |-INFO in ch.qos.logback.classic.model.processor.LoggerModelHandler - Setting level of logger [org.eclipse.jetty.util.component.AbstractLifeCycle] to ERROR
23:23:02,830 |-INFO in ch.qos.logback.classic.model.processor.LoggerModelHandler - Setting level of logger [org.hibernate.validator.internal.util.Version] to WARN
23:23:02,830 |-INFO in ch.qos.logback.classic.model.processor.LoggerModelHandler - Setting level of logger [org.springframework.boot.actuate.endpoint.jmx] to WARN
23:23:02,830 |-WARN in ch.qos.logback.core.model.processor.AppenderModelHandler - Appender named [PAPERTRAIL] not referenced. Skipping further processing.
23:23:02,830 |-WARN in ch.qos.logback.core.model.processor.AppenderModelHandler - Appender named [STDOUT] not referenced. Skipping further processing.
23:23:02,830 |-INFO in ch.qos.logback.classic.model.processor.LoggerModelHandler - Setting level of logger [com.zaxxer.hikari.pool.PoolBase] to OFF
23:23:02,830 |-INFO in ch.qos.logback.core.model.processor.DefaultProcessor@6e15fe2 - End of configuration.
23:23:02,832 |-INFO in ch.qos.logback.classic.joran.JoranConfigurator@68f1b17f - Registering current configuration as safe fallback point
23:23:02,832 |-INFO in ch.qos.logback.classic.util.ContextInitializer@58594a11 - ch.qos.logback.classic.util.DefaultJoranConfigurator.configure() call lasted 151 milliseconds. ExecutionStatus=DO_NOT_INVOKE_NEXT_IF_ANY

]]></system-out>
  </testcase>
</testsuite>